[ 2017-03-13T16:20:55+08:00 ] ::1 /index.php/Comment/index.html
SQL: SHOW COLUMNS FROM `feiyue_shoollist` [ RunTime:0.0026s ]
SQL: SELECT `ocode_name` FROM `feiyue_shoollist` WHERE ( area_bh =330183 and ocode =001 ) LIMIT 1   [ RunTime:0.0004s ]
SQL: SHOW COLUMNS FROM `feiyue_user` [ RunTime:0.0012s ]
SQL: SHOW COLUMNS FROM `feiyue_nav_display` [ RunTime:0.0014s ]
SQL: SELECT `nav_id` FROM `feiyue_nav_display` WHERE ( school_id = 330183001 ) ORDER BY nav_id  [ RunTime:0.0006s ]
SQL: SHOW COLUMNS FROM `feiyue_nav` [ RunTime:0.0014s ]
SQL: SELECT `nav_name` FROM `feiyue_nav` WHERE ( id = 1 ) LIMIT 1   [ RunTime:0.0004s ]
SQL: SELECT `nav_name`,`src` FROM `feiyue_nav` WHERE ( pid = 1 )  [ RunTime:0.0005s ]
SQL: SELECT `nav_name` FROM `feiyue_nav` WHERE ( id = 2 ) LIMIT 1   [ RunTime:0.0006s ]
SQL: SELECT `nav_name`,`src` FROM `feiyue_nav` WHERE ( pid = 2 )  [ RunTime:0.0004s ]
SQL: SELECT `nav_name` FROM `feiyue_nav` WHERE ( id = 3 ) LIMIT 1   [ RunTime:0.0003s ]
SQL: SELECT `nav_name`,`src` FROM `feiyue_nav` WHERE ( pid = 3 )  [ RunTime:0.0003s ]
SQL: SELECT `nav_name` FROM `feiyue_nav` WHERE ( id = 4 ) LIMIT 1   [ RunTime:0.0003s ]
SQL: SELECT `nav_name`,`src` FROM `feiyue_nav` WHERE ( pid = 4 )  [ RunTime:0.0003s ]
SQL: SELECT `nav_name` FROM `feiyue_nav` WHERE ( id = 5 ) LIMIT 1   [ RunTime:0.0003s ]
SQL: SELECT `nav_name`,`src` FROM `feiyue_nav` WHERE ( pid = 5 )  [ RunTime:0.0005s ]
SQL: SELECT `nav_name` FROM `feiyue_nav` WHERE ( id = 6 ) LIMIT 1   [ RunTime:0.0004s ]
SQL: SELECT `nav_name`,`src` FROM `feiyue_nav` WHERE ( pid = 6 )  [ RunTime:0.0004s ]
SQL: SELECT `nav_name` FROM `feiyue_nav` WHERE ( id = 18 ) LIMIT 1   [ RunTime:0.0004s ]
SQL: SELECT `nav_name`,`src` FROM `feiyue_nav` WHERE ( pid = 18 )  [ RunTime:0.0004s ]
SQL: SELECT `nav_name` FROM `feiyue_nav` WHERE ( id = 22 ) LIMIT 1   [ RunTime:0.0003s ]
SQL: SELECT `nav_name`,`src` FROM `feiyue_nav` WHERE ( pid = 22 )  [ RunTime:0.0004s ]
SQL: SELECT `nav_name` FROM `feiyue_nav` WHERE ( id = 29 ) LIMIT 1   [ RunTime:0.0003s ]
SQL: SELECT `nav_name`,`src` FROM `feiyue_nav` WHERE ( pid = 29 )  [ RunTime:0.0004s ]
SQL: SELECT `nav_name` FROM `feiyue_nav` WHERE ( id = 37 ) LIMIT 1   [ RunTime:0.0003s ]
SQL: SELECT `nav_name`,`src` FROM `feiyue_nav` WHERE ( pid = 37 )  [ RunTime:0.0003s ]
SQL: SELECT `nav_name` FROM `feiyue_nav` WHERE ( id = 45 ) LIMIT 1   [ RunTime:0.0003s ]
SQL: SELECT `nav_name`,`src` FROM `feiyue_nav` WHERE ( pid = 45 )  [ RunTime:0.0003s ]
SQL: SHOW COLUMNS FROM `feiyue_classaccessinfo` [ RunTime:0.0012s ]
SQL: SELECT * FROM `feiyue_classaccessinfo` WHERE `userid` = 64 AND `class_bh` LIKE '330183001%' LIMIT 1   [ RunTime:0.0005s ]
SQL: SHOW COLUMNS FROM `feiyue_classinfo` [ RunTime:0.0011s ]
SQL: SELECT `class_bh`,`class_name` FROM `feiyue_classinfo` WHERE ( area_bh =330183 and ocode = 001 )  [ RunTime:0.0007s ]
SQL: SELECT `class_bh` FROM `feiyue_classaccessinfo` WHERE ( userid = 64 and length(class_bh) = 9 )  [ RunTime:0.0004s ]
SQL: SELECT `class_bh` FROM `feiyue_classaccessinfo` WHERE ( userid = 64 and class_bh like '331003014_____' )  [ RunTime:0.0005s ]
SQL: SELECT `class_bh` FROM `feiyue_classaccessinfo` WHERE ( userid = 64 and class_bh like '330183001_____' )  [ RunTime:0.0005s ]
SQL: SELECT `class_bh` FROM `feiyue_classaccessinfo` WHERE ( userid = 64 and class_bh like '330104019_____' )  [ RunTime:0.0005s ]
SQL: SELECT `class_bh` FROM `feiyue_classaccessinfo` WHERE ( userid = 64 and length(class_bh) = 14 )  [ RunTime:0.0006s ]
SQL: SELECT `rec_id`,`class_name`,`class_bh` FROM `feiyue_classaccessinfo` WHERE `class_bh` IN ('33100300216003','33100300116004','331003014','330183001','330104019') AND `userid` = 64  [ RunTime:0.0007s ]
SQL: SHOW COLUMNS FROM `feiyue_stuentinfo` [ RunTime:0.0017s ]
SQL: SELECT COUNT(*) AS tp_count FROM `feiyue_stuentinfo` WHERE `AREAOCODE` = '330183' AND `OCODE` = '001' LIMIT 1   [ RunTime:0.0025s ]
SQL: SELECT * FROM `feiyue_stuentinfo` WHERE `AREAOCODE` = '330183' AND `OCODE` = '001' ORDER BY STU_BANJI,convert(STU_NAME using gb2312) ASC LIMIT 0,50   [ RunTime:0.0044s ]
SQL: SELECT `class_name` FROM `feiyue_classinfo` WHERE `class_bh` = '14001' AND `ocode` = '001' AND `area_bh` = '330183' LIMIT 1   [ RunTime:0.0005s ]
SQL: SELECT `class_name` FROM `feiyue_classinfo` WHERE `class_bh` = '14001' AND `ocode` = '001' AND `area_bh` = '330183' LIMIT 1   [ RunTime:0.0007s ]
SQL: SELECT `class_name` FROM `feiyue_classinfo` WHERE `class_bh` = '14001' AND `ocode` = '001' AND `area_bh` = '330183' LIMIT 1   [ RunTime:0.0005s ]
SQL: SELECT `class_name` FROM `feiyue_classinfo` WHERE `class_bh` = '14001' AND `ocode` = '001' AND `area_bh` = '330183' LIMIT 1   [ RunTime:0.0006s ]
SQL: SELECT `class_name` FROM `feiyue_classinfo` WHERE `class_bh` = '14001' AND `ocode` = '001' AND `area_bh` = '330183' LIMIT 1   [ RunTime:0.0005s ]
SQL: SELECT `class_name` FROM `feiyue_classinfo` WHERE `class_bh` = '14001' AND `ocode` = '001' AND `area_bh` = '330183' LIMIT 1   [ RunTime:0.0004s ]
SQL: SELECT `class_name` FROM `feiyue_classinfo` WHERE `class_bh` = '14001' AND `ocode` = '001' AND `area_bh` = '330183' LIMIT 1   [ RunTime:0.0005s ]
SQL: SELECT `class_name` FROM `feiyue_classinfo` WHERE `class_bh` = '14001' AND `ocode` = '001' AND `area_bh` = '330183' LIMIT 1   [ RunTime:0.0007s ]
SQL: SELECT `class_name` FROM `feiyue_classinfo` WHERE `class_bh` = '14001' AND `ocode` = '001' AND `area_bh` = '330183' LIMIT 1   [ RunTime:0.0005s ]
SQL: SELECT `class_name` FROM `feiyue_classinfo` WHERE `class_bh` = '14001' AND `ocode` = '001' AND `area_bh` = '330183' LIMIT 1   [ RunTime:0.0005s ]
SQL: SELECT `class_name` FROM `feiyue_classinfo` WHERE `class_bh` = '14001' AND `ocode` = '001' AND `area_bh` = '330183' LIMIT 1   [ RunTime:0.0005s ]
SQL: SELECT `class_name` FROM `feiyue_classinfo` WHERE `class_bh` = '14001' AND `ocode` = '001' AND `area_bh` = '330183' LIMIT 1   [ RunTime:0.0005s ]
SQL: SELECT `class_name` FROM `feiyue_classinfo` WHERE `class_bh` = '14001' AND `ocode` = '001' AND `area_bh` = '330183' LIMIT 1   [ RunTime:0.0005s ]
SQL: SELECT `class_name` FROM `feiyue_classinfo` WHERE `class_bh` = '14001' AND `ocode` = '001' AND `area_bh` = '330183' LIMIT 1   [ RunTime:0.0005s ]
SQL: SELECT `class_name` FROM `feiyue_classinfo` WHERE `class_bh` = '14001' AND `ocode` = '001' AND `area_bh` = '330183' LIMIT 1   [ RunTime:0.0005s ]
SQL: SELECT `class_name` FROM `feiyue_classinfo` WHERE `class_bh` = '14001' AND `ocode` = '001' AND `area_bh` = '330183' LIMIT 1   [ RunTime:0.0005s ]
SQL: SELECT `class_name` FROM `feiyue_classinfo` WHERE `class_bh` = '14001' AND `ocode` = '001' AND `area_bh` = '330183' LIMIT 1   [ RunTime:0.0004s ]
SQL: SELECT `class_name` FROM `feiyue_classinfo` WHERE `class_bh` = '14001' AND `ocode` = '001' AND `area_bh` = '330183' LIMIT 1   [ RunTime:0.0006s ]
SQL: SELECT `class_name` FROM `feiyue_classinfo` WHERE `class_bh` = '14001' AND `ocode` = '001' AND `area_bh` = '330183' LIMIT 1   [ RunTime:0.0006s ]
SQL: SELECT `class_name` FROM `feiyue_classinfo` WHERE `class_bh` = '14001' AND `ocode` = '001' AND `area_bh` = '330183' LIMIT 1   [ RunTime:0.0005s ]
SQL: SELECT `class_name` FROM `feiyue_classinfo` WHERE `class_bh` = '14001' AND `ocode` = '001' AND `area_bh` = '330183' LIMIT 1   [ RunTime:0.0004s ]
SQL: SELECT `class_name` FROM `feiyue_classinfo` WHERE `class_bh` = '14001' AND `ocode` = '001' AND `area_bh` = '330183' LIMIT 1   [ RunTime:0.0005s ]
SQL: SELECT `class_name` FROM `feiyue_classinfo` WHERE `class_bh` = '14001' AND `ocode` = '001' AND `area_bh` = '330183' LIMIT 1   [ RunTime:0.0005s ]
SQL: SELECT `class_name` FROM `feiyue_classinfo` WHERE `class_bh` = '14001' AND `ocode` = '001' AND `area_bh` = '330183' LIMIT 1   [ RunTime:0.0004s ]
SQL: SELECT `class_name` FROM `feiyue_classinfo` WHERE `class_bh` = '14001' AND `ocode` = '001' AND `area_bh` = '330183' LIMIT 1   [ RunTime:0.0005s ]
SQL: SELECT `class_name` FROM `feiyue_classinfo` WHERE `class_bh` = '14001' AND `ocode` = '001' AND `area_bh` = '330183' LIMIT 1   [ RunTime:0.0005s ]
SQL: SELECT `class_name` FROM `feiyue_classinfo` WHERE `class_bh` = '14001' AND `ocode` = '001' AND `area_bh` = '330183' LIMIT 1   [ RunTime:0.0005s ]
SQL: SELECT `class_name` FROM `feiyue_classinfo` WHERE `class_bh` = '14001' AND `ocode` = '001' AND `area_bh` = '330183' LIMIT 1   [ RunTime:0.0005s ]
SQL: SELECT `class_name` FROM `feiyue_classinfo` WHERE `class_bh` = '14001' AND `ocode` = '001' AND `area_bh` = '330183' LIMIT 1   [ RunTime:0.0011s ]
SQL: SELECT `class_name` FROM `feiyue_classinfo` WHERE `class_bh` = '14001' AND `ocode` = '001' AND `area_bh` = '330183' LIMIT 1   [ RunTime:0.0007s ]
SQL: SELECT `class_name` FROM `feiyue_classinfo` WHERE `class_bh` = '14001' AND `ocode` = '001' AND `area_bh` = '330183' LIMIT 1   [ RunTime:0.0007s ]
SQL: SELECT `class_name` FROM `feiyue_classinfo` WHERE `class_bh` = '14001' AND `ocode` = '001' AND `area_bh` = '330183' LIMIT 1   [ RunTime:0.0007s ]
SQL: SELECT `class_name` FROM `feiyue_classinfo` WHERE `class_bh` = '14001' AND `ocode` = '001' AND `area_bh` = '330183' LIMIT 1   [ RunTime:0.0007s ]
SQL: SELECT `class_name` FROM `feiyue_classinfo` WHERE `class_bh` = '14001' AND `ocode` = '001' AND `area_bh` = '330183' LIMIT 1   [ RunTime:0.0005s ]
SQL: SELECT `class_name` FROM `feiyue_classinfo` WHERE `class_bh` = '14001' AND `ocode` = '001' AND `area_bh` = '330183' LIMIT 1   [ RunTime:0.0008s ]
SQL: SELECT `class_name` FROM `feiyue_classinfo` WHERE `class_bh` = '14001' AND `ocode` = '001' AND `area_bh` = '330183' LIMIT 1   [ RunTime:0.0006s ]
SQL: SELECT `class_name` FROM `feiyue_classinfo` WHERE `class_bh` = '14001' AND `ocode` = '001' AND `area_bh` = '330183' LIMIT 1   [ RunTime:0.0009s ]
SQL: SELECT `class_name` FROM `feiyue_classinfo` WHERE `class_bh` = '14001' AND `ocode` = '001' AND `area_bh` = '330183' LIMIT 1   [ RunTime:0.0005s ]
SQL: SELECT `class_name` FROM `feiyue_classinfo` WHERE `class_bh` = '14001' AND `ocode` = '001' AND `area_bh` = '330183' LIMIT 1   [ RunTime:0.0004s ]
SQL: SELECT `class_name` FROM `feiyue_classinfo` WHERE `class_bh` = '14001' AND `ocode` = '001' AND `area_bh` = '330183' LIMIT 1   [ RunTime:0.0005s ]
SQL: SELECT `class_name` FROM `feiyue_classinfo` WHERE `class_bh` = '14001' AND `ocode` = '001' AND `area_bh` = '330183' LIMIT 1   [ RunTime:0.0004s ]
SQL: SELECT `class_name` FROM `feiyue_classinfo` WHERE `class_bh` = '14001' AND `ocode` = '001' AND `area_bh` = '330183' LIMIT 1   [ RunTime:0.0004s ]
SQL: SELECT `class_name` FROM `feiyue_classinfo` WHERE `class_bh` = '14001' AND `ocode` = '001' AND `area_bh` = '330183' LIMIT 1   [ RunTime:0.0004s ]
SQL: SELECT `class_name` FROM `feiyue_classinfo` WHERE `class_bh` = '14001' AND `ocode` = '001' AND `area_bh` = '330183' LIMIT 1   [ RunTime:0.0005s ]
SQL: SELECT `class_name` FROM `feiyue_classinfo` WHERE `class_bh` = '14001' AND `ocode` = '001' AND `area_bh` = '330183' LIMIT 1   [ RunTime:0.0005s ]
SQL: SELECT `class_name` FROM `feiyue_classinfo` WHERE `class_bh` = '14002' AND `ocode` = '001' AND `area_bh` = '330183' LIMIT 1   [ RunTime:0.0007s ]
SQL: SELECT `class_name` FROM `feiyue_classinfo` WHERE `class_bh` = '14002' AND `ocode` = '001' AND `area_bh` = '330183' LIMIT 1   [ RunTime:0.0007s ]
SQL: SELECT `class_name` FROM `feiyue_classinfo` WHERE `class_bh` = '14002' AND `ocode` = '001' AND `area_bh` = '330183' LIMIT 1   [ RunTime:0.0007s ]
SQL: SELECT `class_name` FROM `feiyue_classinfo` WHERE `class_bh` = '14002' AND `ocode` = '001' AND `area_bh` = '330183' LIMIT 1   [ RunTime:0.0009s ]
SQL: SELECT `class_name` FROM `feiyue_classinfo` WHERE `class_bh` = '14002' AND `ocode` = '001' AND `area_bh` = '330183' LIMIT 1   [ RunTime:0.0006s ]
INFO: [ view_parse ] --START--
INFO: [ template_filter ] --START--
INFO: Run Behavior\ContentReplaceBehavior [ RunTime:0.000103s ]
INFO: [ template_filter ] --END-- [ RunTime:0.000161s ]
NOTIC: [8] Undefined variable: nav_show /Users/apple/Desktop/pro/Mgj/Runtime/Cache/Admin/7ddd3202de0fc3979ce54b3cc627d777.php 第 54 行.
NOTIC: [8] Undefined variable: color /Users/apple/Desktop/pro/Mgj/Runtime/Cache/Admin/7ddd3202de0fc3979ce54b3cc627d777.php 第 56 行.
NOTIC: [8] Undefined variable: data /Users/apple/Desktop/pro/Mgj/Runtime/Cache/Admin/7ddd3202de0fc3979ce54b3cc627d777.php 第 97 行.
NOTIC: [2] Invalid argument supplied for foreach() /Users/apple/Desktop/pro/Mgj/Runtime/Cache/Admin/7ddd3202de0fc3979ce54b3cc627d777.php 第 97 行.
NOTIC: [8] Undefined variable: usernav /Users/apple/Desktop/pro/Mgj/Runtime/Cache/Admin/7ddd3202de0fc3979ce54b3cc627d777.php 第 188 行.
INFO: Run Behavior\ParseTemplateBehavior [ RunTime:0.154301s ]
INFO: [ view_parse ] --END-- [ RunTime:0.154364s ]
INFO: [ view_filter ] --START--
INFO: Run Behavior\WriteHtmlCacheBehavior [ RunTime:0.000175s ]
INFO: [ view_filter ] --END-- [ RunTime:0.000218s ]
INFO: [ app_end ] --START--
INFO: Run Behavior\ShowPageTraceBehavior [ RunTime:0.001547s ]
INFO: [ app_end ] --END-- [ RunTime:0.001739s ]

[ 2017-03-13T16:21:10+08:00 ] ::1 /index.php/Comment/index.html
SQL: SHOW COLUMNS FROM `feiyue_shoollist` [ RunTime:0.0024s ]
SQL: SELECT `ocode_name` FROM `feiyue_shoollist` WHERE ( area_bh =330183 and ocode =001 ) LIMIT 1   [ RunTime:0.0004s ]
SQL: SHOW COLUMNS FROM `feiyue_user` [ RunTime:0.0015s ]
SQL: SHOW COLUMNS FROM `feiyue_nav_display` [ RunTime:0.0016s ]
SQL: SELECT `nav_id` FROM `feiyue_nav_display` WHERE ( school_id = 330183001 ) ORDER BY nav_id  [ RunTime:0.0005s ]
SQL: SHOW COLUMNS FROM `feiyue_nav` [ RunTime:0.0012s ]
SQL: SELECT `nav_name` FROM `feiyue_nav` WHERE ( id = 1 ) LIMIT 1   [ RunTime:0.0005s ]
SQL: SELECT `nav_name`,`src` FROM `feiyue_nav` WHERE ( pid = 1 )  [ RunTime:0.0004s ]
SQL: SELECT `nav_name` FROM `feiyue_nav` WHERE ( id = 2 ) LIMIT 1   [ RunTime:0.0003s ]
SQL: SELECT `nav_name`,`src` FROM `feiyue_nav` WHERE ( pid = 2 )  [ RunTime:0.0003s ]
SQL: SELECT `nav_name` FROM `feiyue_nav` WHERE ( id = 3 ) LIMIT 1   [ RunTime:0.0003s ]
SQL: SELECT `nav_name`,`src` FROM `feiyue_nav` WHERE ( pid = 3 )  [ RunTime:0.0003s ]
SQL: SELECT `nav_name` FROM `feiyue_nav` WHERE ( id = 4 ) LIMIT 1   [ RunTime:0.0003s ]
SQL: SELECT `nav_name`,`src` FROM `feiyue_nav` WHERE ( pid = 4 )  [ RunTime:0.0005s ]
SQL: SELECT `nav_name` FROM `feiyue_nav` WHERE ( id = 5 ) LIMIT 1   [ RunTime:0.0004s ]
SQL: SELECT `nav_name`,`src` FROM `feiyue_nav` WHERE ( pid = 5 )  [ RunTime:0.0003s ]
SQL: SELECT `nav_name` FROM `feiyue_nav` WHERE ( id = 6 ) LIMIT 1   [ RunTime:0.0003s ]
SQL: SELECT `nav_name`,`src` FROM `feiyue_nav` WHERE ( pid = 6 )  [ RunTime:0.0003s ]
SQL: SELECT `nav_name` FROM `feiyue_nav` WHERE ( id = 18 ) LIMIT 1   [ RunTime:0.0003s ]
SQL: SELECT `nav_name`,`src` FROM `feiyue_nav` WHERE ( pid = 18 )  [ RunTime:0.0003s ]
SQL: SELECT `nav_name` FROM `feiyue_nav` WHERE ( id = 22 ) LIMIT 1   [ RunTime:0.0003s ]
SQL: SELECT `nav_name`,`src` FROM `feiyue_nav` WHERE ( pid = 22 )  [ RunTime:0.0003s ]
SQL: SELECT `nav_name` FROM `feiyue_nav` WHERE ( id = 29 ) LIMIT 1   [ RunTime:0.0003s ]
SQL: SELECT `nav_name`,`src` FROM `feiyue_nav` WHERE ( pid = 29 )  [ RunTime:0.0003s ]
SQL: SELECT `nav_name` FROM `feiyue_nav` WHERE ( id = 37 ) LIMIT 1   [ RunTime:0.0003s ]
SQL: SELECT `nav_name`,`src` FROM `feiyue_nav` WHERE ( pid = 37 )  [ RunTime:0.0004s ]
SQL: SELECT `nav_name` FROM `feiyue_nav` WHERE ( id = 45 ) LIMIT 1   [ RunTime:0.0003s ]
SQL: SELECT `nav_name`,`src` FROM `feiyue_nav` WHERE ( pid = 45 )  [ RunTime:0.0003s ]
SQL: SHOW COLUMNS FROM `feiyue_classaccessinfo` [ RunTime:0.0014s ]
SQL: SELECT * FROM `feiyue_classaccessinfo` WHERE `userid` = 64 AND `class_bh` LIKE '330183001%' LIMIT 1   [ RunTime:0.0004s ]
SQL: SHOW COLUMNS FROM `feiyue_classinfo` [ RunTime:0.0014s ]
SQL: SELECT `class_bh`,`class_name` FROM `feiyue_classinfo` WHERE ( area_bh =330183 and ocode = 001 )  [ RunTime:0.0006s ]
SQL: SELECT `class_bh` FROM `feiyue_classaccessinfo` WHERE ( userid = 64 and length(class_bh) = 9 )  [ RunTime:0.0005s ]
SQL: SELECT `class_bh` FROM `feiyue_classaccessinfo` WHERE ( userid = 64 and class_bh like '331003014_____' )  [ RunTime:0.0004s ]
SQL: SELECT `class_bh` FROM `feiyue_classaccessinfo` WHERE ( userid = 64 and class_bh like '330183001_____' )  [ RunTime:0.0004s ]
SQL: SELECT `class_bh` FROM `feiyue_classaccessinfo` WHERE ( userid = 64 and class_bh like '330104019_____' )  [ RunTime:0.0004s ]
SQL: SELECT `class_bh` FROM `feiyue_classaccessinfo` WHERE ( userid = 64 and length(class_bh) = 14 )  [ RunTime:0.0003s ]
SQL: SELECT `rec_id`,`class_name`,`class_bh` FROM `feiyue_classaccessinfo` WHERE `class_bh` IN ('33100300216003','33100300116004','331003014','330183001','330104019') AND `userid` = 64  [ RunTime:0.0005s ]
SQL: SHOW COLUMNS FROM `feiyue_stuentinfo` [ RunTime:0.0020s ]
SQL: SELECT COUNT(*) AS tp_count FROM `feiyue_stuentinfo` WHERE `AREAOCODE` = '330183' AND `OCODE` = '001' LIMIT 1   [ RunTime:0.0025s ]
SQL: SELECT * FROM `feiyue_stuentinfo` WHERE `AREAOCODE` = '330183' AND `OCODE` = '001' ORDER BY STU_BANJI,convert(STU_NAME using gb2312) ASC LIMIT 0,50   [ RunTime:0.0046s ]
SQL: SELECT `class_name` FROM `feiyue_classinfo` WHERE `class_bh` = '14001' AND `ocode` = '001' AND `area_bh` = '330183' LIMIT 1   [ RunTime:0.0005s ]
SQL: SELECT `class_name` FROM `feiyue_classinfo` WHERE `class_bh` = '14001' AND `ocode` = '001' AND `area_bh` = '330183' LIMIT 1   [ RunTime:0.0005s ]
SQL: SELECT `class_name` FROM `feiyue_classinfo` WHERE `class_bh` = '14001' AND `ocode` = '001' AND `area_bh` = '330183' LIMIT 1   [ RunTime:0.0005s ]
SQL: SELECT `class_name` FROM `feiyue_classinfo` WHERE `class_bh` = '14001' AND `ocode` = '001' AND `area_bh` = '330183' LIMIT 1   [ RunTime:0.0005s ]
SQL: SELECT `class_name` FROM `feiyue_classinfo` WHERE `class_bh` = '14001' AND `ocode` = '001' AND `area_bh` = '330183' LIMIT 1   [ RunTime:0.0004s ]
SQL: SELECT `class_name` FROM `feiyue_classinfo` WHERE `class_bh` = '14001' AND `ocode` = '001' AND `area_bh` = '330183' LIMIT 1   [ RunTime:0.0004s ]
SQL: SELECT `class_name` FROM `feiyue_classinfo` WHERE `class_bh` = '14001' AND `ocode` = '001' AND `area_bh` = '330183' LIMIT 1   [ RunTime:0.0004s ]
SQL: SELECT `class_name` FROM `feiyue_classinfo` WHERE `class_bh` = '14001' AND `ocode` = '001' AND `area_bh` = '330183' LIMIT 1   [ RunTime:0.0006s ]
SQL: SELECT `class_name` FROM `feiyue_classinfo` WHERE `class_bh` = '14001' AND `ocode` = '001' AND `area_bh` = '330183' LIMIT 1   [ RunTime:0.0006s ]
SQL: SELECT `class_name` FROM `feiyue_classinfo` WHERE `class_bh` = '14001' AND `ocode` = '001' AND `area_bh` = '330183' LIMIT 1   [ RunTime:0.0005s ]
SQL: SELECT `class_name` FROM `feiyue_classinfo` WHERE `class_bh` = '14001' AND `ocode` = '001' AND `area_bh` = '330183' LIMIT 1   [ RunTime:0.0005s ]
SQL: SELECT `class_name` FROM `feiyue_classinfo` WHERE `class_bh` = '14001' AND `ocode` = '001' AND `area_bh` = '330183' LIMIT 1   [ RunTime:0.0005s ]
SQL: SELECT `class_name` FROM `feiyue_classinfo` WHERE `class_bh` = '14001' AND `ocode` = '001' AND `area_bh` = '330183' LIMIT 1   [ RunTime:0.0005s ]
SQL: SELECT `class_name` FROM `feiyue_classinfo` WHERE `class_bh` = '14001' AND `ocode` = '001' AND `area_bh` = '330183' LIMIT 1   [ RunTime:0.0005s ]
SQL: SELECT `class_name` FROM `feiyue_classinfo` WHERE `class_bh` = '14001' AND `ocode` = '001' AND `area_bh` = '330183' LIMIT 1   [ RunTime:0.0005s ]
SQL: SELECT `class_name` FROM `feiyue_classinfo` WHERE `class_bh` = '14001' AND `ocode` = '001' AND `area_bh` = '330183' LIMIT 1   [ RunTime:0.0005s ]
SQL: SELECT `class_name` FROM `feiyue_classinfo` WHERE `class_bh` = '14001' AND `ocode` = '001' AND `area_bh` = '330183' LIMIT 1   [ RunTime:0.0005s ]
SQL: SELECT `class_name` FROM `feiyue_classinfo` WHERE `class_bh` = '14001' AND `ocode` = '001' AND `area_bh` = '330183' LIMIT 1   [ RunTime:0.0006s ]
SQL: SELECT `class_name` FROM `feiyue_classinfo` WHERE `class_bh` = '14001' AND `ocode` = '001' AND `area_bh` = '330183' LIMIT 1   [ RunTime:0.0012s ]
SQL: SELECT `class_name` FROM `feiyue_classinfo` WHERE `class_bh` = '14001' AND `ocode` = '001' AND `area_bh` = '330183' LIMIT 1   [ RunTime:0.0007s ]
SQL: SELECT `class_name` FROM `feiyue_classinfo` WHERE `class_bh` = '14001' AND `ocode` = '001' AND `area_bh` = '330183' LIMIT 1   [ RunTime:0.0006s ]
SQL: SELECT `class_name` FROM `feiyue_classinfo` WHERE `class_bh` = '14001' AND `ocode` = '001' AND `area_bh` = '330183' LIMIT 1   [ RunTime:0.0005s ]
SQL: SELECT `class_name` FROM `feiyue_classinfo` WHERE `class_bh` = '14001' AND `ocode` = '001' AND `area_bh` = '330183' LIMIT 1   [ RunTime:0.0005s ]
SQL: SELECT `class_name` FROM `feiyue_classinfo` WHERE `class_bh` = '14001' AND `ocode` = '001' AND `area_bh` = '330183' LIMIT 1   [ RunTime:0.0004s ]
SQL: SELECT `class_name` FROM `feiyue_classinfo` WHERE `class_bh` = '14001' AND `ocode` = '001' AND `area_bh` = '330183' LIMIT 1   [ RunTime:0.0004s ]
SQL: SELECT `class_name` FROM `feiyue_classinfo` WHERE `class_bh` = '14001' AND `ocode` = '001' AND `area_bh` = '330183' LIMIT 1   [ RunTime:0.0005s ]
SQL: SELECT `class_name` FROM `feiyue_classinfo` WHERE `class_bh` = '14001' AND `ocode` = '001' AND `area_bh` = '330183' LIMIT 1   [ RunTime:0.0006s ]
SQL: SELECT `class_name` FROM `feiyue_classinfo` WHERE `class_bh` = '14001' AND `ocode` = '001' AND `area_bh` = '330183' LIMIT 1   [ RunTime:0.0007s ]
SQL: SELECT `class_name` FROM `feiyue_classinfo` WHERE `class_bh` = '14001' AND `ocode` = '001' AND `area_bh` = '330183' LIMIT 1   [ RunTime:0.0006s ]
SQL: SELECT `class_name` FROM `feiyue_classinfo` WHERE `class_bh` = '14001' AND `ocode` = '001' AND `area_bh` = '330183' LIMIT 1   [ RunTime:0.0005s ]
SQL: SELECT `class_name` FROM `feiyue_classinfo` WHERE `class_bh` = '14001' AND `ocode` = '001' AND `area_bh` = '330183' LIMIT 1   [ RunTime:0.0004s ]
SQL: SELECT `class_name` FROM `feiyue_classinfo` WHERE `class_bh` = '14001' AND `ocode` = '001' AND `area_bh` = '330183' LIMIT 1   [ RunTime:0.0005s ]
SQL: SELECT `class_name` FROM `feiyue_classinfo` WHERE `class_bh` = '14001' AND `ocode` = '001' AND `area_bh` = '330183' LIMIT 1   [ RunTime:0.0005s ]
SQL: SELECT `class_name` FROM `feiyue_classinfo` WHERE `class_bh` = '14001' AND `ocode` = '001' AND `area_bh` = '330183' LIMIT 1   [ RunTime:0.0005s ]
SQL: SELECT `class_name` FROM `feiyue_classinfo` WHERE `class_bh` = '14001' AND `ocode` = '001' AND `area_bh` = '330183' LIMIT 1   [ RunTime:0.0005s ]
SQL: SELECT `class_name` FROM `feiyue_classinfo` WHERE `class_bh` = '14001' AND `ocode` = '001' AND `area_bh` = '330183' LIMIT 1   [ RunTime:0.0005s ]
SQL: SELECT `class_name` FROM `feiyue_classinfo` WHERE `class_bh` = '14001' AND `ocode` = '001' AND `area_bh` = '330183' LIMIT 1   [ RunTime:0.0005s ]
SQL: SELECT `class_name` FROM `feiyue_classinfo` WHERE `class_bh` = '14001' AND `ocode` = '001' AND `area_bh` = '330183' LIMIT 1   [ RunTime:0.0009s ]
SQL: SELECT `class_name` FROM `feiyue_classinfo` WHERE `class_bh` = '14001' AND `ocode` = '001' AND `area_bh` = '330183' LIMIT 1   [ RunTime:0.0007s ]
SQL: SELECT `class_name` FROM `feiyue_classinfo` WHERE `class_bh` = '14001' AND `ocode` = '001' AND `area_bh` = '330183' LIMIT 1   [ RunTime:0.0006s ]
SQL: SELECT `class_name` FROM `feiyue_classinfo` WHERE `class_bh` = '14001' AND `ocode` = '001' AND `area_bh` = '330183' LIMIT 1   [ RunTime:0.0006s ]
SQL: SELECT `class_name` FROM `feiyue_classinfo` WHERE `class_bh` = '14001' AND `ocode` = '001' AND `area_bh` = '330183' LIMIT 1   [ RunTime:0.0005s ]
SQL: SELECT `class_name` FROM `feiyue_classinfo` WHERE `class_bh` = '14001' AND `ocode` = '001' AND `area_bh` = '330183' LIMIT 1   [ RunTime:0.0005s ]
SQL: SELECT `class_name` FROM `feiyue_classinfo` WHERE `class_bh` = '14001' AND `ocode` = '001' AND `area_bh` = '330183' LIMIT 1   [ RunTime:0.0004s ]
SQL: SELECT `class_name` FROM `feiyue_classinfo` WHERE `class_bh` = '14001' AND `ocode` = '001' AND `area_bh` = '330183' LIMIT 1   [ RunTime:0.0006s ]
SQL: SELECT `class_name` FROM `feiyue_classinfo` WHERE `class_bh` = '14002' AND `ocode` = '001' AND `area_bh` = '330183' LIMIT 1   [ RunTime:0.0005s ]
SQL: SELECT `class_name` FROM `feiyue_classinfo` WHERE `class_bh` = '14002' AND `ocode` = '001' AND `area_bh` = '330183' LIMIT 1   [ RunTime:0.0009s ]
SQL: SELECT `class_name` FROM `feiyue_classinfo` WHERE `class_bh` = '14002' AND `ocode` = '001' AND `area_bh` = '330183' LIMIT 1   [ RunTime:0.0007s ]
SQL: SELECT `class_name` FROM `feiyue_classinfo` WHERE `class_bh` = '14002' AND `ocode` = '001' AND `area_bh` = '330183' LIMIT 1   [ RunTime:0.0008s ]
SQL: SELECT `class_name` FROM `feiyue_classinfo` WHERE `class_bh` = '14002' AND `ocode` = '001' AND `area_bh` = '330183' LIMIT 1   [ RunTime:0.0006s ]
INFO: [ view_parse ] --START--
INFO: [ template_filter ] --START--
INFO: Run Behavior\ContentReplaceBehavior [ RunTime:0.000107s ]
INFO: [ template_filter ] --END-- [ RunTime:0.000166s ]
NOTIC: [8] Undefined variable: nav_show /Users/apple/Desktop/pro/Mgj/Runtime/Cache/Admin/7ddd3202de0fc3979ce54b3cc627d777.php 第 54 行.
NOTIC: [8] Undefined variable: color /Users/apple/Desktop/pro/Mgj/Runtime/Cache/Admin/7ddd3202de0fc3979ce54b3cc627d777.php 第 56 行.
NOTIC: [8] Undefined variable: data /Users/apple/Desktop/pro/Mgj/Runtime/Cache/Admin/7ddd3202de0fc3979ce54b3cc627d777.php 第 97 行.
NOTIC: [2] Invalid argument supplied for foreach() /Users/apple/Desktop/pro/Mgj/Runtime/Cache/Admin/7ddd3202de0fc3979ce54b3cc627d777.php 第 97 行.
NOTIC: [8] Undefined variable: usernav /Users/apple/Desktop/pro/Mgj/Runtime/Cache/Admin/7ddd3202de0fc3979ce54b3cc627d777.php 第 188 行.
INFO: Run Behavior\ParseTemplateBehavior [ RunTime:0.030891s ]
INFO: [ view_parse ] --END-- [ RunTime:0.030954s ]
INFO: [ view_filter ] --START--
INFO: Run Behavior\WriteHtmlCacheBehavior [ RunTime:0.000174s ]
INFO: [ view_filter ] --END-- [ RunTime:0.000217s ]
INFO: [ app_end ] --START--
INFO: Run Behavior\ShowPageTraceBehavior [ RunTime:0.001482s ]
INFO: [ app_end ] --END-- [ RunTime:0.001765s ]

[ 2017-03-13T16:30:51+08:00 ] ::1 /index.php/Comment/index.html
SQL: SHOW COLUMNS FROM `feiyue_shoollist` [ RunTime:0.0019s ]
SQL: SELECT `ocode_name` FROM `feiyue_shoollist` WHERE ( area_bh =330183 and ocode =001 ) LIMIT 1   [ RunTime:0.0004s ]
SQL: SHOW COLUMNS FROM `feiyue_user` [ RunTime:0.0013s ]
SQL: SHOW COLUMNS FROM `feiyue_nav_display` [ RunTime:0.0013s ]
SQL: SELECT `nav_id` FROM `feiyue_nav_display` WHERE ( school_id = 330183001 ) ORDER BY nav_id  [ RunTime:0.0004s ]
SQL: SHOW COLUMNS FROM `feiyue_nav` [ RunTime:0.0015s ]
SQL: SELECT `nav_name` FROM `feiyue_nav` WHERE ( id = 1 ) LIMIT 1   [ RunTime:0.0004s ]
SQL: SELECT `nav_name`,`src` FROM `feiyue_nav` WHERE ( pid = 1 )  [ RunTime:0.0003s ]
SQL: SELECT `nav_name` FROM `feiyue_nav` WHERE ( id = 2 ) LIMIT 1   [ RunTime:0.0003s ]
SQL: SELECT `nav_name`,`src` FROM `feiyue_nav` WHERE ( pid = 2 )  [ RunTime:0.0004s ]
SQL: SELECT `nav_name` FROM `feiyue_nav` WHERE ( id = 3 ) LIMIT 1   [ RunTime:0.0003s ]
SQL: SELECT `nav_name`,`src` FROM `feiyue_nav` WHERE ( pid = 3 )  [ RunTime:0.0003s ]
SQL: SELECT `nav_name` FROM `feiyue_nav` WHERE ( id = 4 ) LIMIT 1   [ RunTime:0.0003s ]
SQL: SELECT `nav_name`,`src` FROM `feiyue_nav` WHERE ( pid = 4 )  [ RunTime:0.0003s ]
SQL: SELECT `nav_name` FROM `feiyue_nav` WHERE ( id = 5 ) LIMIT 1   [ RunTime:0.0003s ]
SQL: SELECT `nav_name`,`src` FROM `feiyue_nav` WHERE ( pid = 5 )  [ RunTime:0.0003s ]
SQL: SELECT `nav_name` FROM `feiyue_nav` WHERE ( id = 6 ) LIMIT 1   [ RunTime:0.0003s ]
SQL: SELECT `nav_name`,`src` FROM `feiyue_nav` WHERE ( pid = 6 )  [ RunTime:0.0003s ]
SQL: SELECT `nav_name` FROM `feiyue_nav` WHERE ( id = 18 ) LIMIT 1   [ RunTime:0.0003s ]
SQL: SELECT `nav_name`,`src` FROM `feiyue_nav` WHERE ( pid = 18 )  [ RunTime:0.0003s ]
SQL: SELECT `nav_name` FROM `feiyue_nav` WHERE ( id = 22 ) LIMIT 1   [ RunTime:0.0003s ]
SQL: SELECT `nav_name`,`src` FROM `feiyue_nav` WHERE ( pid = 22 )  [ RunTime:0.0005s ]
SQL: SELECT `nav_name` FROM `feiyue_nav` WHERE ( id = 29 ) LIMIT 1   [ RunTime:0.0004s ]
SQL: SELECT `nav_name`,`src` FROM `feiyue_nav` WHERE ( pid = 29 )  [ RunTime:0.0004s ]
SQL: SELECT `nav_name` FROM `feiyue_nav` WHERE ( id = 37 ) LIMIT 1   [ RunTime:0.0003s ]
SQL: SELECT `nav_name`,`src` FROM `feiyue_nav` WHERE ( pid = 37 )  [ RunTime:0.0003s ]
SQL: SELECT `nav_name` FROM `feiyue_nav` WHERE ( id = 45 ) LIMIT 1   [ RunTime:0.0003s ]
SQL: SELECT `nav_name`,`src` FROM `feiyue_nav` WHERE ( pid = 45 )  [ RunTime:0.0003s ]
SQL: SHOW COLUMNS FROM `feiyue_classaccessinfo` [ RunTime:0.0014s ]
SQL: SELECT * FROM `feiyue_classaccessinfo` WHERE `userid` = 64 AND `class_bh` LIKE '330183001%' LIMIT 1   [ RunTime:0.0004s ]
SQL: SHOW COLUMNS FROM `feiyue_classinfo` [ RunTime:0.0012s ]
SQL: SELECT `class_bh`,`class_name` FROM `feiyue_classinfo` WHERE ( area_bh =330183 and ocode = 001 )  [ RunTime:0.0007s ]
SQL: SELECT `class_bh` FROM `feiyue_classaccessinfo` WHERE ( userid = 64 and length(class_bh) = 9 )  [ RunTime:0.0004s ]
SQL: SELECT `class_bh` FROM `feiyue_classaccessinfo` WHERE ( userid = 64 and class_bh like '331003014_____' )  [ RunTime:0.0003s ]
SQL: SELECT `class_bh` FROM `feiyue_classaccessinfo` WHERE ( userid = 64 and class_bh like '330183001_____' )  [ RunTime:0.0004s ]
SQL: SELECT `class_bh` FROM `feiyue_classaccessinfo` WHERE ( userid = 64 and class_bh like '330104019_____' )  [ RunTime:0.0003s ]
SQL: SELECT `class_bh` FROM `feiyue_classaccessinfo` WHERE ( userid = 64 and length(class_bh) = 14 )  [ RunTime:0.0003s ]
SQL: SELECT `rec_id`,`class_name`,`class_bh` FROM `feiyue_classaccessinfo` WHERE `class_bh` IN ('33100300216003','33100300116004','331003014','330183001','330104019') AND `userid` = 64  [ RunTime:0.0004s ]
SQL: SHOW COLUMNS FROM `feiyue_stuentinfo` [ RunTime:0.0014s ]
SQL: SELECT COUNT(*) AS tp_count FROM `feiyue_stuentinfo` WHERE `AREAOCODE` = '330183' AND `OCODE` = '001' LIMIT 1   [ RunTime:0.0030s ]
SQL: SELECT * FROM `feiyue_stuentinfo` WHERE `AREAOCODE` = '330183' AND `OCODE` = '001' ORDER BY STU_BANJI,convert(STU_NAME using gb2312) ASC LIMIT 0,50   [ RunTime:0.0042s ]
SQL: SELECT `class_name` FROM `feiyue_classinfo` WHERE `class_bh` = '14001' AND `ocode` = '001' AND `area_bh` = '330183' LIMIT 1   [ RunTime:0.0006s ]
SQL: SELECT `class_name` FROM `feiyue_classinfo` WHERE `class_bh` = '14001' AND `ocode` = '001' AND `area_bh` = '330183' LIMIT 1   [ RunTime:0.0004s ]
SQL: SELECT `class_name` FROM `feiyue_classinfo` WHERE `class_bh` = '14001' AND `ocode` = '001' AND `area_bh` = '330183' LIMIT 1   [ RunTime:0.0006s ]
SQL: SELECT `class_name` FROM `feiyue_classinfo` WHERE `class_bh` = '14001' AND `ocode` = '001' AND `area_bh` = '330183' LIMIT 1   [ RunTime:0.0005s ]
SQL: SELECT `class_name` FROM `feiyue_classinfo` WHERE `class_bh` = '14001' AND `ocode` = '001' AND `area_bh` = '330183' LIMIT 1   [ RunTime:0.0004s ]
SQL: SELECT `class_name` FROM `feiyue_classinfo` WHERE `class_bh` = '14001' AND `ocode` = '001' AND `area_bh` = '330183' LIMIT 1   [ RunTime:0.0004s ]
SQL: SELECT `class_name` FROM `feiyue_classinfo` WHERE `class_bh` = '14001' AND `ocode` = '001' AND `area_bh` = '330183' LIMIT 1   [ RunTime:0.0005s ]
SQL: SELECT `class_name` FROM `feiyue_classinfo` WHERE `class_bh` = '14001' AND `ocode` = '001' AND `area_bh` = '330183' LIMIT 1   [ RunTime:0.0004s ]
SQL: SELECT `class_name` FROM `feiyue_classinfo` WHERE `class_bh` = '14001' AND `ocode` = '001' AND `area_bh` = '330183' LIMIT 1   [ RunTime:0.0004s ]
SQL: SELECT `class_name` FROM `feiyue_classinfo` WHERE `class_bh` = '14001' AND `ocode` = '001' AND `area_bh` = '330183' LIMIT 1   [ RunTime:0.0004s ]
SQL: SELECT `class_name` FROM `feiyue_classinfo` WHERE `class_bh` = '14001' AND `ocode` = '001' AND `area_bh` = '330183' LIMIT 1   [ RunTime:0.0004s ]
SQL: SELECT `class_name` FROM `feiyue_classinfo` WHERE `class_bh` = '14001' AND `ocode` = '001' AND `area_bh` = '330183' LIMIT 1   [ RunTime:0.0004s ]
SQL: SELECT `class_name` FROM `feiyue_classinfo` WHERE `class_bh` = '14001' AND `ocode` = '001' AND `area_bh` = '330183' LIMIT 1   [ RunTime:0.0005s ]
SQL: SELECT `class_name` FROM `feiyue_classinfo` WHERE `class_bh` = '14001' AND `ocode` = '001' AND `area_bh` = '330183' LIMIT 1   [ RunTime:0.0007s ]
SQL: SELECT `class_name` FROM `feiyue_classinfo` WHERE `class_bh` = '14001' AND `ocode` = '001' AND `area_bh` = '330183' LIMIT 1   [ RunTime:0.0006s ]
SQL: SELECT `class_name` FROM `feiyue_classinfo` WHERE `class_bh` = '14001' AND `ocode` = '001' AND `area_bh` = '330183' LIMIT 1   [ RunTime:0.0005s ]
SQL: SELECT `class_name` FROM `feiyue_classinfo` WHERE `class_bh` = '14001' AND `ocode` = '001' AND `area_bh` = '330183' LIMIT 1   [ RunTime:0.0005s ]
SQL: SELECT `class_name` FROM `feiyue_classinfo` WHERE `class_bh` = '14001' AND `ocode` = '001' AND `area_bh` = '330183' LIMIT 1   [ RunTime:0.0004s ]
SQL: SELECT `class_name` FROM `feiyue_classinfo` WHERE `class_bh` = '14001' AND `ocode` = '001' AND `area_bh` = '330183' LIMIT 1   [ RunTime:0.0005s ]
SQL: SELECT `class_name` FROM `feiyue_classinfo` WHERE `class_bh` = '14001' AND `ocode` = '001' AND `area_bh` = '330183' LIMIT 1   [ RunTime:0.0005s ]
SQL: SELECT `class_name` FROM `feiyue_classinfo` WHERE `class_bh` = '14001' AND `ocode` = '001' AND `area_bh` = '330183' LIMIT 1   [ RunTime:0.0005s ]
SQL: SELECT `class_name` FROM `feiyue_classinfo` WHERE `class_bh` = '14001' AND `ocode` = '001' AND `area_bh` = '330183' LIMIT 1   [ RunTime:0.0005s ]
SQL: SELECT `class_name` FROM `feiyue_classinfo` WHERE `class_bh` = '14001' AND `ocode` = '001' AND `area_bh` = '330183' LIMIT 1   [ RunTime:0.0004s ]
SQL: SELECT `class_name` FROM `feiyue_classinfo` WHERE `class_bh` = '14001' AND `ocode` = '001' AND `area_bh` = '330183' LIMIT 1   [ RunTime:0.0007s ]
SQL: SELECT `class_name` FROM `feiyue_classinfo` WHERE `class_bh` = '14001' AND `ocode` = '001' AND `area_bh` = '330183' LIMIT 1   [ RunTime:0.0006s ]
SQL: SELECT `class_name` FROM `feiyue_classinfo` WHERE `class_bh` = '14001' AND `ocode` = '001' AND `area_bh` = '330183' LIMIT 1   [ RunTime:0.0006s ]
SQL: SELECT `class_name` FROM `feiyue_classinfo` WHERE `class_bh` = '14001' AND `ocode` = '001' AND `area_bh` = '330183' LIMIT 1   [ RunTime:0.0007s ]
SQL: SELECT `class_name` FROM `feiyue_classinfo` WHERE `class_bh` = '14001' AND `ocode` = '001' AND `area_bh` = '330183' LIMIT 1   [ RunTime:0.0005s ]
SQL: SELECT `class_name` FROM `feiyue_classinfo` WHERE `class_bh` = '14001' AND `ocode` = '001' AND `area_bh` = '330183' LIMIT 1   [ RunTime:0.0004s ]
SQL: SELECT `class_name` FROM `feiyue_classinfo` WHERE `class_bh` = '14001' AND `ocode` = '001' AND `area_bh` = '330183' LIMIT 1   [ RunTime:0.0005s ]
SQL: SELECT `class_name` FROM `feiyue_classinfo` WHERE `class_bh` = '14001' AND `ocode` = '001' AND `area_bh` = '330183' LIMIT 1   [ RunTime:0.0004s ]
SQL: SELECT `class_name` FROM `feiyue_classinfo` WHERE `class_bh` = '14001' AND `ocode` = '001' AND `area_bh` = '330183' LIMIT 1   [ RunTime:0.0004s ]
SQL: SELECT `class_name` FROM `feiyue_classinfo` WHERE `class_bh` = '14001' AND `ocode` = '001' AND `area_bh` = '330183' LIMIT 1   [ RunTime:0.0008s ]
SQL: SELECT `class_name` FROM `feiyue_classinfo` WHERE `class_bh` = '14001' AND `ocode` = '001' AND `area_bh` = '330183' LIMIT 1   [ RunTime:0.0006s ]
SQL: SELECT `class_name` FROM `feiyue_classinfo` WHERE `class_bh` = '14001' AND `ocode` = '001' AND `area_bh` = '330183' LIMIT 1   [ RunTime:0.0005s ]
SQL: SELECT `class_name` FROM `feiyue_classinfo` WHERE `class_bh` = '14001' AND `ocode` = '001' AND `area_bh` = '330183' LIMIT 1   [ RunTime:0.0005s ]
SQL: SELECT `class_name` FROM `feiyue_classinfo` WHERE `class_bh` = '14001' AND `ocode` = '001' AND `area_bh` = '330183' LIMIT 1   [ RunTime:0.0005s ]
SQL: SELECT `class_name` FROM `feiyue_classinfo` WHERE `class_bh` = '14001' AND `ocode` = '001' AND `area_bh` = '330183' LIMIT 1   [ RunTime:0.0004s ]
SQL: SELECT `class_name` FROM `feiyue_classinfo` WHERE `class_bh` = '14001' AND `ocode` = '001' AND `area_bh` = '330183' LIMIT 1   [ RunTime:0.0005s ]
SQL: SELECT `class_name` FROM `feiyue_classinfo` WHERE `class_bh` = '14001' AND `ocode` = '001' AND `area_bh` = '330183' LIMIT 1   [ RunTime:0.0005s ]
SQL: SELECT `class_name` FROM `feiyue_classinfo` WHERE `class_bh` = '14001' AND `ocode` = '001' AND `area_bh` = '330183' LIMIT 1   [ RunTime:0.0005s ]
SQL: SELECT `class_name` FROM `feiyue_classinfo` WHERE `class_bh` = '14001' AND `ocode` = '001' AND `area_bh` = '330183' LIMIT 1   [ RunTime:0.0006s ]
SQL: SELECT `class_name` FROM `feiyue_classinfo` WHERE `class_bh` = '14001' AND `ocode` = '001' AND `area_bh` = '330183' LIMIT 1   [ RunTime:0.0009s ]
SQL: SELECT `class_name` FROM `feiyue_classinfo` WHERE `class_bh` = '14001' AND `ocode` = '001' AND `area_bh` = '330183' LIMIT 1   [ RunTime:0.0007s ]
SQL: SELECT `class_name` FROM `feiyue_classinfo` WHERE `class_bh` = '14001' AND `ocode` = '001' AND `area_bh` = '330183' LIMIT 1   [ RunTime:0.0005s ]
SQL: SELECT `class_name` FROM `feiyue_classinfo` WHERE `class_bh` = '14002' AND `ocode` = '001' AND `area_bh` = '330183' LIMIT 1   [ RunTime:0.0004s ]
SQL: SELECT `class_name` FROM `feiyue_classinfo` WHERE `class_bh` = '14002' AND `ocode` = '001' AND `area_bh` = '330183' LIMIT 1   [ RunTime:0.0005s ]
SQL: SELECT `class_name` FROM `feiyue_classinfo` WHERE `class_bh` = '14002' AND `ocode` = '001' AND `area_bh` = '330183' LIMIT 1   [ RunTime:0.0004s ]
SQL: SELECT `class_name` FROM `feiyue_classinfo` WHERE `class_bh` = '14002' AND `ocode` = '001' AND `area_bh` = '330183' LIMIT 1   [ RunTime:0.0005s ]
SQL: SELECT `class_name` FROM `feiyue_classinfo` WHERE `class_bh` = '14002' AND `ocode` = '001' AND `area_bh` = '330183' LIMIT 1   [ RunTime:0.0005s ]
INFO: [ view_parse ] --START--
INFO: [ template_filter ] --START--
INFO: Run Behavior\ContentReplaceBehavior [ RunTime:0.000132s ]
INFO: [ template_filter ] --END-- [ RunTime:0.000190s ]
NOTIC: [8] Undefined variable: nav_show /Users/apple/Desktop/pro/Mgj/Runtime/Cache/Admin/7ddd3202de0fc3979ce54b3cc627d777.php 第 54 行.
NOTIC: [8] Undefined variable: color /Users/apple/Desktop/pro/Mgj/Runtime/Cache/Admin/7ddd3202de0fc3979ce54b3cc627d777.php 第 56 行.
NOTIC: [8] Undefined variable: data /Users/apple/Desktop/pro/Mgj/Runtime/Cache/Admin/7ddd3202de0fc3979ce54b3cc627d777.php 第 97 行.
NOTIC: [2] Invalid argument supplied for foreach() /Users/apple/Desktop/pro/Mgj/Runtime/Cache/Admin/7ddd3202de0fc3979ce54b3cc627d777.php 第 97 行.
NOTIC: [8] Undefined variable: usernav /Users/apple/Desktop/pro/Mgj/Runtime/Cache/Admin/7ddd3202de0fc3979ce54b3cc627d777.php 第 188 行.
INFO: Run Behavior\ParseTemplateBehavior [ RunTime:0.033094s ]
INFO: [ view_parse ] --END-- [ RunTime:0.033154s ]
INFO: [ view_filter ] --START--
INFO: Run Behavior\WriteHtmlCacheBehavior [ RunTime:0.000246s ]
INFO: [ view_filter ] --END-- [ RunTime:0.000296s ]
INFO: [ app_end ] --START--
INFO: Run Behavior\ShowPageTraceBehavior [ RunTime:0.000758s ]
INFO: [ app_end ] --END-- [ RunTime:0.000919s ]

[ 2017-03-13T16:30:53+08:00 ] ::1 /index.php/User/userdetailed.html
SQL: SHOW COLUMNS FROM `feiyue_user_auth_group_access` [ RunTime:0.0011s ]
SQL: SELECT `uid`,`group_id`,`title`,`rules` FROM feiyue_user_auth_group_access a INNER JOIN feiyue_user_auth_group g on a.group_id=g.id and a.ocode = g.ocode  WHERE ( a.uid='64' and g.status='1' and g.ocode = '330183001' )  [ RunTime:0.0008s ]
SQL: SHOW COLUMNS FROM `feiyue_user_auth_rule` [ RunTime:0.0015s ]
SQL: SELECT `condition`,`name` FROM `feiyue_user_auth_rule` WHERE `id` IN ('1','2','3','4','5','6','7','8','16','17','18','19','20','21','22','23','24','25','26','27','28','29','30','31','32','33','34','35','36','37','38','39','40','41','42','43','44','45','46','47','48','49','50','51','52','53','54','55','56','57','58','59','60','61','62','63','64','65','66','67','68','69','70','71','72','73','74','75','76','77','78','79','80','81','82','83','84','85','86','87','88','89','90','92','93','94','95','96','97','98','99','100','101','102','103','104','105','106','107','108','109','110','111','112','113','114','115','116','117','118','119','120','121','122','123','124','125','126','127','128','129','130','131','132','133','134','135','136','137','138','139','140') AND `type` = 1 AND `status` = 1  [ RunTime:0.0011s ]
INFO: [ view_parse ] --START--
INFO: [ template_filter ] --START--
INFO: Run Behavior\ContentReplaceBehavior [ RunTime:0.000045s ]
INFO: [ template_filter ] --END-- [ RunTime:0.000110s ]
INFO: Run Behavior\ParseTemplateBehavior [ RunTime:0.020101s ]
INFO: [ view_parse ] --END-- [ RunTime:0.020212s ]
INFO: [ view_filter ] --START--
INFO: Run Behavior\WriteHtmlCacheBehavior [ RunTime:0.000291s ]
INFO: [ view_filter ] --END-- [ RunTime:0.000373s ]

[ 2017-03-13T16:36:00+08:00 ] ::1 /index.php/User/userdetailed.html
SQL: SHOW COLUMNS FROM `feiyue_user_auth_group_access` [ RunTime:0.0024s ]
SQL: SELECT `uid`,`group_id`,`title`,`rules` FROM feiyue_user_auth_group_access a INNER JOIN feiyue_user_auth_group g on a.group_id=g.id and a.ocode = g.ocode  WHERE ( a.uid='64' and g.status='1' and g.ocode = '330183001' )  [ RunTime:0.0016s ]
SQL: SHOW COLUMNS FROM `feiyue_user_auth_rule` [ RunTime:0.0052s ]
SQL: SELECT `condition`,`name` FROM `feiyue_user_auth_rule` WHERE `id` IN ('1','2','3','4','5','6','7','8','16','17','18','19','20','21','22','23','24','25','26','27','28','29','30','31','32','33','34','35','36','37','38','39','40','41','42','43','44','45','46','47','48','49','50','51','52','53','54','55','56','57','58','59','60','61','62','63','64','65','66','67','68','69','70','71','72','73','74','75','76','77','78','79','80','81','82','83','84','85','86','87','88','89','90','92','93','94','95','96','97','98','99','100','101','102','103','104','105','106','107','108','109','110','111','112','113','114','115','116','117','118','119','120','121','122','123','124','125','126','127','128','129','130','131','132','133','134','135','136','137','138','139','140') AND `type` = 1 AND `status` = 1  [ RunTime:0.0013s ]
INFO: [ view_parse ] --START--
INFO: [ template_filter ] --START--
INFO: Run Behavior\ContentReplaceBehavior [ RunTime:0.000364s ]
INFO: [ template_filter ] --END-- [ RunTime:0.004592s ]
INFO: Run Behavior\ParseTemplateBehavior [ RunTime:0.042851s ]
INFO: [ view_parse ] --END-- [ RunTime:0.042943s ]
INFO: [ view_filter ] --START--
INFO: Run Behavior\WriteHtmlCacheBehavior [ RunTime:0.012536s ]
INFO: [ view_filter ] --END-- [ RunTime:0.014535s ]

